<?xml version="1.0" encoding="UTF-8"?>
<testsuite xmlns:xsi="http://www.w3.org/2001/XMLSchema-instance" xsi:noNamespaceSchemaLocation="https://maven.apache.org/surefire/maven-surefire-plugin/xsd/surefire-test-report-3.0.xsd" version="3.0" name="TestSuite" time="19.292" tests="3" errors="0" skipped="0" failures="0">
  <properties>
    <property name="java.specification.version" value="15"/>
    <property name="webdriver.chrome.driver" value="C:\Users\user\eclipse-workspace\DemoCreatePoll/driver/chromedriver.exe"/>
    <property name="sun.cpu.isalist" value="amd64"/>
    <property name="sun.jnu.encoding" value="Cp1252"/>
    <property name="java.class.path" value="C:\Users\user\eclipse-workspace\DemoCreatePoll\target\test-classes;C:\Users\user\eclipse-workspace\DemoCreatePoll\target\classes;C:\Users\user\.m2\repository\junit\junit\4.11\junit-4.11.jar;C:\Users\user\.m2\repository\org\hamcrest\hamcrest-core\1.3\hamcrest-core-1.3.jar;C:\Users\user\.m2\repository\org\seleniumhq\selenium\selenium-java\4.0.0-beta-1\selenium-java-4.0.0-beta-1.jar;C:\Users\user\.m2\repository\org\seleniumhq\selenium\selenium-api\4.0.0-beta-1\selenium-api-4.0.0-beta-1.jar;C:\Users\user\.m2\repository\org\seleniumhq\selenium\selenium-chrome-driver\4.0.0-beta-1\selenium-chrome-driver-4.0.0-beta-1.jar;C:\Users\user\.m2\repository\com\google\auto\service\auto-service-annotations\1.0-rc7\auto-service-annotations-1.0-rc7.jar;C:\Users\user\.m2\repository\com\google\auto\service\auto-service\1.0-rc7\auto-service-1.0-rc7.jar;C:\Users\user\.m2\repository\com\google\auto\auto-common\0.10\auto-common-0.10.jar;C:\Users\user\.m2\repository\com\google\guava\guava\30.1-jre\guava-30.1-jre.jar;C:\Users\user\.m2\repository\com\google\guava\failureaccess\1.0.1\failureaccess-1.0.1.jar;C:\Users\user\.m2\repository\com\google\guava\listenablefuture\9999.0-empty-to-avoid-conflict-with-guava\listenablefuture-9999.0-empty-to-avoid-conflict-with-guava.jar;C:\Users\user\.m2\repository\com\google\code\findbugs\jsr305\3.0.2\jsr305-3.0.2.jar;C:\Users\user\.m2\repository\org\checkerframework\checker-qual\3.5.0\checker-qual-3.5.0.jar;C:\Users\user\.m2\repository\com\google\errorprone\error_prone_annotations\2.3.4\error_prone_annotations-2.3.4.jar;C:\Users\user\.m2\repository\com\google\j2objc\j2objc-annotations\1.3\j2objc-annotations-1.3.jar;C:\Users\user\.m2\repository\org\seleniumhq\selenium\selenium-chromium-driver\4.0.0-beta-1\selenium-chromium-driver-4.0.0-beta-1.jar;C:\Users\user\.m2\repository\org\seleniumhq\selenium\selenium-devtools\4.0.0-beta-1\selenium-devtools-4.0.0-beta-1.jar;C:\Users\user\.m2\repository\org\seleniumhq\selenium\selenium-http\4.0.0-beta-1\selenium-http-4.0.0-beta-1.jar;C:\Users\user\.m2\repository\org\seleniumhq\selenium\selenium-json\4.0.0-beta-1\selenium-json-4.0.0-beta-1.jar;C:\Users\user\.m2\repository\org\seleniumhq\selenium\selenium-devtools-v86\4.0.0-beta-1\selenium-devtools-v86-4.0.0-beta-1.jar;C:\Users\user\.m2\repository\org\seleniumhq\selenium\selenium-devtools-v87\4.0.0-beta-1\selenium-devtools-v87-4.0.0-beta-1.jar;C:\Users\user\.m2\repository\org\seleniumhq\selenium\selenium-devtools-v88\4.0.0-beta-1\selenium-devtools-v88-4.0.0-beta-1.jar;C:\Users\user\.m2\repository\org\seleniumhq\selenium\selenium-devtools-v89\4.0.0-beta-1\selenium-devtools-v89-4.0.0-beta-1.jar;C:\Users\user\.m2\repository\org\seleniumhq\selenium\selenium-edge-driver\4.0.0-beta-1\selenium-edge-driver-4.0.0-beta-1.jar;C:\Users\user\.m2\repository\org\seleniumhq\selenium\selenium-firefox-driver\4.0.0-beta-1\selenium-firefox-driver-4.0.0-beta-1.jar;C:\Users\user\.m2\repository\org\seleniumhq\selenium\selenium-firefox-xpi-driver\4.0.0-beta-1\selenium-firefox-xpi-driver-4.0.0-beta-1.jar;C:\Users\user\.m2\repository\org\seleniumhq\selenium\selenium-ie-driver\4.0.0-beta-1\selenium-ie-driver-4.0.0-beta-1.jar;C:\Users\user\.m2\repository\org\seleniumhq\selenium\selenium-opera-driver\4.0.0-beta-1\selenium-opera-driver-4.0.0-beta-1.jar;C:\Users\user\.m2\repository\org\seleniumhq\selenium\selenium-remote-driver\4.0.0-beta-1\selenium-remote-driver-4.0.0-beta-1.jar;C:\Users\user\.m2\repository\io\netty\netty-buffer\4.1.58.Final\netty-buffer-4.1.58.Final.jar;C:\Users\user\.m2\repository\io\netty\netty-codec-http\4.1.58.Final\netty-codec-http-4.1.58.Final.jar;C:\Users\user\.m2\repository\io\netty\netty-codec\4.1.58.Final\netty-codec-4.1.58.Final.jar;C:\Users\user\.m2\repository\io\netty\netty-handler\4.1.58.Final\netty-handler-4.1.58.Final.jar;C:\Users\user\.m2\repository\io\netty\netty-common\4.1.58.Final\netty-common-4.1.58.Final.jar;C:\Users\user\.m2\repository\io\netty\netty-transport-native-epoll\4.1.58.Final\netty-transport-native-epoll-4.1.58.Final.jar;C:\Users\user\.m2\repository\io\netty\netty-transport-native-kqueue\4.1.58.Final\netty-transport-native-kqueue-4.1.58.Final.jar;C:\Users\user\.m2\repository\io\netty\netty-transport-native-unix-common\4.1.58.Final\netty-transport-native-unix-common-4.1.58.Final.jar;C:\Users\user\.m2\repository\io\netty\netty-transport\4.1.58.Final\netty-transport-4.1.58.Final.jar;C:\Users\user\.m2\repository\io\netty\netty-resolver\4.1.58.Final\netty-resolver-4.1.58.Final.jar;C:\Users\user\.m2\repository\io\opentelemetry\opentelemetry-api\0.14.1\opentelemetry-api-0.14.1.jar;C:\Users\user\.m2\repository\io\opentelemetry\opentelemetry-context\0.14.1\opentelemetry-context-0.14.1.jar;C:\Users\user\.m2\repository\io\opentelemetry\opentelemetry-exporter-logging\0.14.1\opentelemetry-exporter-logging-0.14.1.jar;C:\Users\user\.m2\repository\io\opentelemetry\opentelemetry-sdk-metrics\0.14.1-alpha\opentelemetry-sdk-metrics-0.14.1-alpha.jar;C:\Users\user\.m2\repository\io\opentelemetry\opentelemetry-sdk-common\0.14.1\opentelemetry-sdk-common-0.14.1.jar;C:\Users\user\.m2\repository\io\opentelemetry\opentelemetry-sdk-trace\0.14.1\opentelemetry-sdk-trace-0.14.1.jar;C:\Users\user\.m2\repository\io\opentelemetry\opentelemetry-api-metrics\0.14.1-alpha\opentelemetry-api-metrics-0.14.1-alpha.jar;C:\Users\user\.m2\repository\io\opentelemetry\opentelemetry-sdk\0.14.1\opentelemetry-sdk-0.14.1.jar;C:\Users\user\.m2\repository\io\opentelemetry\opentelemetry-semconv\0.14.1\opentelemetry-semconv-0.14.1.jar;C:\Users\user\.m2\repository\net\bytebuddy\byte-buddy\1.10.19\byte-buddy-1.10.19.jar;C:\Users\user\.m2\repository\org\apache\commons\commons-exec\1.3\commons-exec-1.3.jar;C:\Users\user\.m2\repository\org\asynchttpclient\async-http-client\2.12.2\async-http-client-2.12.2.jar;C:\Users\user\.m2\repository\org\asynchttpclient\async-http-client-netty-utils\2.12.2\async-http-client-netty-utils-2.12.2.jar;C:\Users\user\.m2\repository\io\netty\netty-codec-socks\4.1.53.Final\netty-codec-socks-4.1.53.Final.jar;C:\Users\user\.m2\repository\io\netty\netty-handler-proxy\4.1.53.Final\netty-handler-proxy-4.1.53.Final.jar;C:\Users\user\.m2\repository\io\netty\netty-transport-native-epoll\4.1.53.Final\netty-transport-native-epoll-4.1.53.Final-linux-x86_64.jar;C:\Users\user\.m2\repository\io\netty\netty-transport-native-kqueue\4.1.53.Final\netty-transport-native-kqueue-4.1.53.Final-osx-x86_64.jar;C:\Users\user\.m2\repository\org\reactivestreams\reactive-streams\1.0.3\reactive-streams-1.0.3.jar;C:\Users\user\.m2\repository\com\typesafe\netty\netty-reactive-streams\2.0.4\netty-reactive-streams-2.0.4.jar;C:\Users\user\.m2\repository\org\slf4j\slf4j-api\1.7.30\slf4j-api-1.7.30.jar;C:\Users\user\.m2\repository\com\sun\activation\jakarta.activation\1.2.2\jakarta.activation-1.2.2.jar;C:\Users\user\.m2\repository\org\seleniumhq\selenium\selenium-safari-driver\4.0.0-beta-1\selenium-safari-driver-4.0.0-beta-1.jar;C:\Users\user\.m2\repository\org\seleniumhq\selenium\selenium-support\4.0.0-beta-1\selenium-support-4.0.0-beta-1.jar;C:\Users\user\.m2\repository\org\testng\testng\7.3.0\testng-7.3.0.jar;C:\Users\user\.m2\repository\com\beust\jcommander\1.78\jcommander-1.78.jar;C:\Users\user\.m2\repository\org\apache\ant\ant\1.10.3\ant-1.10.3.jar;C:\Users\user\.m2\repository\org\apache\ant\ant-launcher\1.10.3\ant-launcher-1.10.3.jar;C:\Users\user\.m2\repository\com\google\inject\guice\4.2.2\guice-4.2.2-no_aop.jar;C:\Users\user\.m2\repository\javax\inject\javax.inject\1\javax.inject-1.jar;C:\Users\user\.m2\repository\aopalliance\aopalliance\1.0\aopalliance-1.0.jar;C:\Users\user\.m2\repository\org\yaml\snakeyaml\1.21\snakeyaml-1.21.jar;C:\Users\user\.m2\repository\commons-io\commons-io\2.6\commons-io-2.6.jar;"/>
    <property name="java.vm.vendor" value="Oracle Corporation"/>
    <property name="sun.arch.data.model" value="64"/>
    <property name="user.variant" value=""/>
    <property name="java.vendor.url" value="https://java.oracle.com/"/>
    <property name="user.timezone" value="Asia/Calcutta"/>
    <property name="os.name" value="Windows 10"/>
    <property name="java.vm.specification.version" value="15"/>
    <property name="sun.java.launcher" value="SUN_STANDARD"/>
    <property name="user.country" value="IN"/>
    <property name="sun.boot.library.path" value="C:\Users\user\.p2\pool\plugins\org.eclipse.justj.openjdk.hotspot.jre.full.win32.x86_64_15.0.2.v20210201-0955\jre\bin"/>
    <property name="sun.java.command" value="C:\Users\user\AppData\Local\Temp\surefire5087497002391512628\surefirebooter1757578682625213394.jar C:\Users\user\AppData\Local\Temp\surefire5087497002391512628 2021-03-20T22-50-20_100-jvmRun1 surefire17343536500519968963tmp surefire_0349865117414265797tmp"/>
    <property name="jdk.debug" value="release"/>
    <property name="surefire.test.class.path" value="C:\Users\user\eclipse-workspace\DemoCreatePoll\target\test-classes;C:\Users\user\eclipse-workspace\DemoCreatePoll\target\classes;C:\Users\user\.m2\repository\junit\junit\4.11\junit-4.11.jar;C:\Users\user\.m2\repository\org\hamcrest\hamcrest-core\1.3\hamcrest-core-1.3.jar;C:\Users\user\.m2\repository\org\seleniumhq\selenium\selenium-java\4.0.0-beta-1\selenium-java-4.0.0-beta-1.jar;C:\Users\user\.m2\repository\org\seleniumhq\selenium\selenium-api\4.0.0-beta-1\selenium-api-4.0.0-beta-1.jar;C:\Users\user\.m2\repository\org\seleniumhq\selenium\selenium-chrome-driver\4.0.0-beta-1\selenium-chrome-driver-4.0.0-beta-1.jar;C:\Users\user\.m2\repository\com\google\auto\service\auto-service-annotations\1.0-rc7\auto-service-annotations-1.0-rc7.jar;C:\Users\user\.m2\repository\com\google\auto\service\auto-service\1.0-rc7\auto-service-1.0-rc7.jar;C:\Users\user\.m2\repository\com\google\auto\auto-common\0.10\auto-common-0.10.jar;C:\Users\user\.m2\repository\com\google\guava\guava\30.1-jre\guava-30.1-jre.jar;C:\Users\user\.m2\repository\com\google\guava\failureaccess\1.0.1\failureaccess-1.0.1.jar;C:\Users\user\.m2\repository\com\google\guava\listenablefuture\9999.0-empty-to-avoid-conflict-with-guava\listenablefuture-9999.0-empty-to-avoid-conflict-with-guava.jar;C:\Users\user\.m2\repository\com\google\code\findbugs\jsr305\3.0.2\jsr305-3.0.2.jar;C:\Users\user\.m2\repository\org\checkerframework\checker-qual\3.5.0\checker-qual-3.5.0.jar;C:\Users\user\.m2\repository\com\google\errorprone\error_prone_annotations\2.3.4\error_prone_annotations-2.3.4.jar;C:\Users\user\.m2\repository\com\google\j2objc\j2objc-annotations\1.3\j2objc-annotations-1.3.jar;C:\Users\user\.m2\repository\org\seleniumhq\selenium\selenium-chromium-driver\4.0.0-beta-1\selenium-chromium-driver-4.0.0-beta-1.jar;C:\Users\user\.m2\repository\org\seleniumhq\selenium\selenium-devtools\4.0.0-beta-1\selenium-devtools-4.0.0-beta-1.jar;C:\Users\user\.m2\repository\org\seleniumhq\selenium\selenium-http\4.0.0-beta-1\selenium-http-4.0.0-beta-1.jar;C:\Users\user\.m2\repository\org\seleniumhq\selenium\selenium-json\4.0.0-beta-1\selenium-json-4.0.0-beta-1.jar;C:\Users\user\.m2\repository\org\seleniumhq\selenium\selenium-devtools-v86\4.0.0-beta-1\selenium-devtools-v86-4.0.0-beta-1.jar;C:\Users\user\.m2\repository\org\seleniumhq\selenium\selenium-devtools-v87\4.0.0-beta-1\selenium-devtools-v87-4.0.0-beta-1.jar;C:\Users\user\.m2\repository\org\seleniumhq\selenium\selenium-devtools-v88\4.0.0-beta-1\selenium-devtools-v88-4.0.0-beta-1.jar;C:\Users\user\.m2\repository\org\seleniumhq\selenium\selenium-devtools-v89\4.0.0-beta-1\selenium-devtools-v89-4.0.0-beta-1.jar;C:\Users\user\.m2\repository\org\seleniumhq\selenium\selenium-edge-driver\4.0.0-beta-1\selenium-edge-driver-4.0.0-beta-1.jar;C:\Users\user\.m2\repository\org\seleniumhq\selenium\selenium-firefox-driver\4.0.0-beta-1\selenium-firefox-driver-4.0.0-beta-1.jar;C:\Users\user\.m2\repository\org\seleniumhq\selenium\selenium-firefox-xpi-driver\4.0.0-beta-1\selenium-firefox-xpi-driver-4.0.0-beta-1.jar;C:\Users\user\.m2\repository\org\seleniumhq\selenium\selenium-ie-driver\4.0.0-beta-1\selenium-ie-driver-4.0.0-beta-1.jar;C:\Users\user\.m2\repository\org\seleniumhq\selenium\selenium-opera-driver\4.0.0-beta-1\selenium-opera-driver-4.0.0-beta-1.jar;C:\Users\user\.m2\repository\org\seleniumhq\selenium\selenium-remote-driver\4.0.0-beta-1\selenium-remote-driver-4.0.0-beta-1.jar;C:\Users\user\.m2\repository\io\netty\netty-buffer\4.1.58.Final\netty-buffer-4.1.58.Final.jar;C:\Users\user\.m2\repository\io\netty\netty-codec-http\4.1.58.Final\netty-codec-http-4.1.58.Final.jar;C:\Users\user\.m2\repository\io\netty\netty-codec\4.1.58.Final\netty-codec-4.1.58.Final.jar;C:\Users\user\.m2\repository\io\netty\netty-handler\4.1.58.Final\netty-handler-4.1.58.Final.jar;C:\Users\user\.m2\repository\io\netty\netty-common\4.1.58.Final\netty-common-4.1.58.Final.jar;C:\Users\user\.m2\repository\io\netty\netty-transport-native-epoll\4.1.58.Final\netty-transport-native-epoll-4.1.58.Final.jar;C:\Users\user\.m2\repository\io\netty\netty-transport-native-kqueue\4.1.58.Final\netty-transport-native-kqueue-4.1.58.Final.jar;C:\Users\user\.m2\repository\io\netty\netty-transport-native-unix-common\4.1.58.Final\netty-transport-native-unix-common-4.1.58.Final.jar;C:\Users\user\.m2\repository\io\netty\netty-transport\4.1.58.Final\netty-transport-4.1.58.Final.jar;C:\Users\user\.m2\repository\io\netty\netty-resolver\4.1.58.Final\netty-resolver-4.1.58.Final.jar;C:\Users\user\.m2\repository\io\opentelemetry\opentelemetry-api\0.14.1\opentelemetry-api-0.14.1.jar;C:\Users\user\.m2\repository\io\opentelemetry\opentelemetry-context\0.14.1\opentelemetry-context-0.14.1.jar;C:\Users\user\.m2\repository\io\opentelemetry\opentelemetry-exporter-logging\0.14.1\opentelemetry-exporter-logging-0.14.1.jar;C:\Users\user\.m2\repository\io\opentelemetry\opentelemetry-sdk-metrics\0.14.1-alpha\opentelemetry-sdk-metrics-0.14.1-alpha.jar;C:\Users\user\.m2\repository\io\opentelemetry\opentelemetry-sdk-common\0.14.1\opentelemetry-sdk-common-0.14.1.jar;C:\Users\user\.m2\repository\io\opentelemetry\opentelemetry-sdk-trace\0.14.1\opentelemetry-sdk-trace-0.14.1.jar;C:\Users\user\.m2\repository\io\opentelemetry\opentelemetry-api-metrics\0.14.1-alpha\opentelemetry-api-metrics-0.14.1-alpha.jar;C:\Users\user\.m2\repository\io\opentelemetry\opentelemetry-sdk\0.14.1\opentelemetry-sdk-0.14.1.jar;C:\Users\user\.m2\repository\io\opentelemetry\opentelemetry-semconv\0.14.1\opentelemetry-semconv-0.14.1.jar;C:\Users\user\.m2\repository\net\bytebuddy\byte-buddy\1.10.19\byte-buddy-1.10.19.jar;C:\Users\user\.m2\repository\org\apache\commons\commons-exec\1.3\commons-exec-1.3.jar;C:\Users\user\.m2\repository\org\asynchttpclient\async-http-client\2.12.2\async-http-client-2.12.2.jar;C:\Users\user\.m2\repository\org\asynchttpclient\async-http-client-netty-utils\2.12.2\async-http-client-netty-utils-2.12.2.jar;C:\Users\user\.m2\repository\io\netty\netty-codec-socks\4.1.53.Final\netty-codec-socks-4.1.53.Final.jar;C:\Users\user\.m2\repository\io\netty\netty-handler-proxy\4.1.53.Final\netty-handler-proxy-4.1.53.Final.jar;C:\Users\user\.m2\repository\io\netty\netty-transport-native-epoll\4.1.53.Final\netty-transport-native-epoll-4.1.53.Final-linux-x86_64.jar;C:\Users\user\.m2\repository\io\netty\netty-transport-native-kqueue\4.1.53.Final\netty-transport-native-kqueue-4.1.53.Final-osx-x86_64.jar;C:\Users\user\.m2\repository\org\reactivestreams\reactive-streams\1.0.3\reactive-streams-1.0.3.jar;C:\Users\user\.m2\repository\com\typesafe\netty\netty-reactive-streams\2.0.4\netty-reactive-streams-2.0.4.jar;C:\Users\user\.m2\repository\org\slf4j\slf4j-api\1.7.30\slf4j-api-1.7.30.jar;C:\Users\user\.m2\repository\com\sun\activation\jakarta.activation\1.2.2\jakarta.activation-1.2.2.jar;C:\Users\user\.m2\repository\org\seleniumhq\selenium\selenium-safari-driver\4.0.0-beta-1\selenium-safari-driver-4.0.0-beta-1.jar;C:\Users\user\.m2\repository\org\seleniumhq\selenium\selenium-support\4.0.0-beta-1\selenium-support-4.0.0-beta-1.jar;C:\Users\user\.m2\repository\org\testng\testng\7.3.0\testng-7.3.0.jar;C:\Users\user\.m2\repository\com\beust\jcommander\1.78\jcommander-1.78.jar;C:\Users\user\.m2\repository\org\apache\ant\ant\1.10.3\ant-1.10.3.jar;C:\Users\user\.m2\repository\org\apache\ant\ant-launcher\1.10.3\ant-launcher-1.10.3.jar;C:\Users\user\.m2\repository\com\google\inject\guice\4.2.2\guice-4.2.2-no_aop.jar;C:\Users\user\.m2\repository\javax\inject\javax.inject\1\javax.inject-1.jar;C:\Users\user\.m2\repository\aopalliance\aopalliance\1.0\aopalliance-1.0.jar;C:\Users\user\.m2\repository\org\yaml\snakeyaml\1.21\snakeyaml-1.21.jar;C:\Users\user\.m2\repository\commons-io\commons-io\2.6\commons-io-2.6.jar;"/>
    <property name="sun.cpu.endian" value="little"/>
    <property name="user.home" value="C:\Users\user"/>
    <property name="user.language" value="en"/>
    <property name="java.specification.vendor" value="Oracle Corporation"/>
    <property name="java.version.date" value="2021-01-19"/>
    <property name="java.home" value="C:\Users\user\.p2\pool\plugins\org.eclipse.justj.openjdk.hotspot.jre.full.win32.x86_64_15.0.2.v20210201-0955\jre"/>
    <property name="file.separator" value="\"/>
    <property name="basedir" value="C:\Users\user\eclipse-workspace\DemoCreatePoll"/>
    <property name="java.vm.compressedOopsMode" value="32-bit"/>
    <property name="line.separator" value="&#10;"/>
    <property name="java.vm.specification.vendor" value="Oracle Corporation"/>
    <property name="java.specification.name" value="Java Platform API Specification"/>
    <property name="surefire.real.class.path" value="C:\Users\user\AppData\Local\Temp\surefire5087497002391512628\surefirebooter1757578682625213394.jar"/>
    <property name="user.script" value=""/>
    <property name="sun.management.compiler" value="HotSpot 64-Bit Tiered Compilers"/>
    <property name="java.runtime.version" value="15.0.2+7-27"/>
    <property name="user.name" value="user"/>
    <property name="path.separator" value=";"/>
    <property name="os.version" value="10.0"/>
    <property name="java.runtime.name" value="OpenJDK Runtime Environment"/>
    <property name="file.encoding" value="Cp1252"/>
    <property name="sun.nio.ch.bugLevel" value=""/>
    <property name="java.vm.name" value="OpenJDK 64-Bit Server VM"/>
    <property name="localRepository" value="C:\Users\user\.m2\repository"/>
    <property name="java.vendor.url.bug" value="https://bugreport.java.com/bugreport/"/>
    <property name="java.io.tmpdir" value="C:\Users\user\AppData\Local\Temp\"/>
    <property name="java.version" value="15.0.2"/>
    <property name="user.dir" value="C:\Users\user\eclipse-workspace\DemoCreatePoll"/>
    <property name="os.arch" value="amd64"/>
    <property name="java.vm.specification.name" value="Java Virtual Machine Specification"/>
    <property name="sun.os.patch.level" value=""/>
    <property name="java.library.path" value="C:\Users\user\.p2\pool\plugins\org.eclipse.justj.openjdk.hotspot.jre.full.win32.x86_64_15.0.2.v20210201-0955\jre\bin;C:\Windows\Sun\Java\bin;C:\Windows\system32;C:\Windows;C:/Users/user/.p2/pool/plugins/org.eclipse.justj.openjdk.hotspot.jre.full.win32.x86_64_15.0.2.v20210201-0955/jre/bin/server;C:/Users/user/.p2/pool/plugins/org.eclipse.justj.openjdk.hotspot.jre.full.win32.x86_64_15.0.2.v20210201-0955/jre/bin;C:\Program Files (x86)\Common Files\Oracle\Java\javapath;C:\Windows\system32;C:\Windows;C:\Windows\System32\Wbem;C:\Windows\System32\WindowsPowerShell\v1.0\;C:\Windows\System32\OpenSSH\;C:\Program Files\Java\jre1.8.0_281\bin;C:\Program Files\MySQL\MySQL Shell 8.0\bin\;C:\Users\user\AppData\Local\Microsoft\WindowsApps;;C:\Users\user\Desktop;;."/>
    <property name="java.vm.info" value="mixed mode"/>
    <property name="java.vendor" value="Oracle Corporation"/>
    <property name="java.vm.version" value="15.0.2+7-27"/>
    <property name="sun.io.unicode.encoding" value="UnicodeLittle"/>
    <property name="java.class.version" value="59.0"/>
  </properties>
  <testcase name="openLoginPage" classname="com.app.gethyphen.tests.LoginOtp" time="10.498">
    <system-out><![CDATA[{environment=Production, Production.otp=34067, Production.email=hyphen_admin@acmetest.com, Production.browser=chrome, Production.URL=https://app.gethyphen.com/signin, Production.mode=nogrid}
]]></system-out>
    <system-err><![CDATA[SLF4J: Failed to load class "org.slf4j.impl.StaticLoggerBinder".
SLF4J: Defaulting to no-operation (NOP) logger implementation
SLF4J: See http://www.slf4j.org/codes.html#StaticLoggerBinder for further details.
Starting ChromeDriver 89.0.4389.23 (61b08ee2c50024bab004e48d2b1b083cdbdac579-refs/branch-heads/4389@{#294}) on port 38109
Only local connections are allowed.
Please see https://chromedriver.chromium.org/security-considerations for suggestions on keeping ChromeDriver safe.
ChromeDriver was started successfully.
Mar 20, 2021 10:50:26 PM org.openqa.selenium.remote.ProtocolHandshake createSession
INFO: Detected dialect: W3C
Mar 20, 2021 10:50:26 PM org.openqa.selenium.devtools.CdpVersionFinder findNearestMatch
INFO: Found exact CDP implementation for version 89
]]></system-err>
  </testcase>
  <testcase name="otpLoginPage" classname="com.app.gethyphen.tests.LoginOtp" time="0.826"/>
  <testcase name="startPoll" classname="com.app.gethyphen.tests.CreatePollTest" time="0.042">
    <system-err><![CDATA[java.lang.IllegalArgumentException: Input must be set
	at org.openqa.selenium.internal.Require.nonNull(Require.java:56)
	at org.openqa.selenium.support.ui.FluentWait.<init>(FluentWait.java:97)
	at org.openqa.selenium.support.ui.WebDriverWait.<init>(WebDriverWait.java:128)
	at org.openqa.selenium.support.ui.WebDriverWait.<init>(WebDriverWait.java:61)
	at com.app.gethyphen.testPages.BaseTestPage.wait(BaseTestPage.java:12)
	at com.app.gethyphen.testPages.CreatePollPage.createPoll(CreatePollPage.java:56)
	at com.app.gethyphen.tests.CreatePollTest.startPoll(CreatePollTest.java:24)
	at java.base/jdk.internal.reflect.NativeMethodAccessorImpl.invoke0(Native Method)
	at java.base/jdk.internal.reflect.NativeMethodAccessorImpl.invoke(NativeMethodAccessorImpl.java:64)
	at java.base/jdk.internal.reflect.DelegatingMethodAccessorImpl.invoke(DelegatingMethodAccessorImpl.java:43)
	at java.base/java.lang.reflect.Method.invoke(Method.java:564)
	at org.testng.internal.MethodInvocationHelper.invokeMethod(MethodInvocationHelper.java:132)
	at org.testng.internal.TestInvoker.invokeMethod(TestInvoker.java:599)
	at org.testng.internal.TestInvoker.invokeTestMethod(TestInvoker.java:174)
	at org.testng.internal.MethodRunner.runInSequence(MethodRunner.java:46)
	at org.testng.internal.TestInvoker$MethodInvocationAgent.invoke(TestInvoker.java:822)
	at org.testng.internal.TestInvoker.invokeTestMethods(TestInvoker.java:147)
	at org.testng.internal.TestMethodWorker.invokeTestMethods(TestMethodWorker.java:146)
	at org.testng.internal.TestMethodWorker.run(TestMethodWorker.java:128)
	at java.base/java.util.ArrayList.forEach(ArrayList.java:1511)
	at org.testng.TestRunner.privateRun(TestRunner.java:764)
	at org.testng.TestRunner.run(TestRunner.java:585)
	at org.testng.SuiteRunner.runTest(SuiteRunner.java:384)
	at org.testng.SuiteRunner.runSequentially(SuiteRunner.java:378)
	at org.testng.SuiteRunner.privateRun(SuiteRunner.java:337)
	at org.testng.SuiteRunner.run(SuiteRunner.java:286)
	at org.testng.SuiteRunnerWorker.runSuite(SuiteRunnerWorker.java:53)
	at org.testng.SuiteRunnerWorker.run(SuiteRunnerWorker.java:96)
	at org.testng.TestNG.runSuitesSequentially(TestNG.java:1218)
	at org.testng.TestNG.runSuitesLocally(TestNG.java:1140)
	at org.testng.TestNG.runSuites(TestNG.java:1069)
	at org.testng.TestNG.run(TestNG.java:1037)
	at org.apache.maven.surefire.testng.TestNGExecutor.run(TestNGExecutor.java:284)
	at org.apache.maven.surefire.testng.TestNGXmlTestSuite.execute(TestNGXmlTestSuite.java:75)
	at org.apache.maven.surefire.testng.TestNGProvider.invoke(TestNGProvider.java:119)
	at org.apache.maven.surefire.booter.ForkedBooter.runSuitesInProcess(ForkedBooter.java:428)
	at org.apache.maven.surefire.booter.ForkedBooter.execute(ForkedBooter.java:162)
	at org.apache.maven.surefire.booter.ForkedBooter.run(ForkedBooter.java:562)
	at org.apache.maven.surefire.booter.ForkedBooter.main(ForkedBooter.java:548)
]]></system-err>
  </testcase>
</testsuite>