<?xml version="1.0" encoding="UTF-8"?>
<!-- Generated by org.testng.reporters.JUnitReportReporter -->
<testsuite hostname="DESKTOP-FAJ98M7" failures="0" tests="2" name="com.app.gethyphen.tests.LoginOtp" time="7.938" errors="0" timestamp="2021-03-21T00:09:22 IST" skipped="0">
  <testcase classname="com.app.gethyphen.tests.LoginOtp" name="openLoginPage" time="6.571"/>
  <system-out/>
  <testcase classname="com.app.gethyphen.tests.LoginOtp" name="otpLoginPage" time="1.367"/>
  <system-out/>
</testsuite> <!-- com.app.gethyphen.tests.LoginOtp -->
