<?xml version="1.0" encoding="UTF-8"?>
<!-- Generated by org.testng.reporters.JUnitReportReporter -->
<testsuite hostname="DESKTOP-FAJ98M7" failures="0" tests="2" name="com.app.gethyphen.tests.LoginOtp" time="13.615" errors="0" timestamp="2021-03-20T22:50:41 IST" skipped="0">
  <testcase classname="com.app.gethyphen.tests.LoginOtp" name="openLoginPage" time="11.714"/>
  <system-out/>
  <testcase classname="com.app.gethyphen.tests.LoginOtp" name="otpLoginPage" time="1.901"/>
  <system-out/>
</testsuite> <!-- com.app.gethyphen.tests.LoginOtp -->
