<?xml version="1.0" encoding="UTF-8"?>
<!-- Generated by org.testng.reporters.JUnitReportReporter -->
<testsuite hostname="DESKTOP-FAJ98M7" failures="0" tests="1" name="com.app.gethyphen.tests.CreatePollTest" time="0.027" errors="0" timestamp="2021-03-20T22:50:41 IST" skipped="0">
  <testcase classname="com.app.gethyphen.tests.CreatePollTest" name="startPoll" time="0.027"/>
  <system-out/>
</testsuite> <!-- com.app.gethyphen.tests.CreatePollTest -->
